timestamp: 2015-09-25T08:00:53.037319
CREATE TABLE country(
    id INTEGER PRIMARY KEY AUTOINCREMENT,
    name CHAR(128) UNIQUE
);
success!
timestamp: 2015-09-25T08:00:53.180315
CREATE TABLE province(
    id INTEGER PRIMARY KEY AUTOINCREMENT,
    name CHAR(128) UNIQUE,
    country INTEGER REFERENCES country (id) ON DELETE CASCADE
);
success!
timestamp: 2015-09-25T08:00:53.326306
CREATE TABLE city(
    id INTEGER PRIMARY KEY AUTOINCREMENT,
    created TIMESTAMP,
    last_update TIMESTAMP,
    name CHAR(50),
    province INTEGER REFERENCES province (id) ON DELETE CASCADE,
    deleted CHAR(1),
    last_user INTEGER
);
success!
timestamp: 2015-09-25T08:00:53.498043
CREATE TABLE company(
    id INTEGER PRIMARY KEY AUTOINCREMENT,
    created TIMESTAMP,
    last_update TIMESTAMP,
    name_cmp CHAR(256),
    cnpj CHAR(127),
    city_cmp INTEGER REFERENCES city (id) ON DELETE CASCADE,
    address_cmp CHAR(300),
    address_number_cmp INTEGER,
    neigh_cmp CHAR(50),
    comp_cmp CHAR(50),
    zipcode_cmp CHAR(10),
    actived_cmp CHAR(1),
    deleted CHAR(1),
    last_user INTEGER
);
success!
timestamp: 2015-09-25T08:00:53.656688
CREATE TABLE auth_user(
    id INTEGER PRIMARY KEY AUTOINCREMENT,
    first_name CHAR(128),
    last_name CHAR(128),
    email CHAR(512),
    password CHAR(512),
    registration_key CHAR(512),
    reset_password_key CHAR(512),
    registration_id CHAR(512),
    created TIMESTAMP,
    last_update TIMESTAMP,
    cpf CHAR(50),
    rg CHAR(50),
    birth DATE,
    address CHAR(300),
    address_number INTEGER,
    comp_user CHAR(50),
    city_user INTEGER REFERENCES city (id) ON DELETE CASCADE,
    neigh CHAR(50),
    zipcode CHAR(10),
    actived_user CHAR(1),
    last_user INTEGER,
    company INTEGER REFERENCES company (id) ON DELETE CASCADE,
    deleted CHAR(1)
);
success!
timestamp: 2015-09-25T08:00:53.772064
CREATE TABLE auth_group(
    id INTEGER PRIMARY KEY AUTOINCREMENT,
    role CHAR(512),
    description TEXT
);
success!
timestamp: 2015-09-25T08:00:53.928391
CREATE TABLE auth_membership(
    id INTEGER PRIMARY KEY AUTOINCREMENT,
    user_id INTEGER REFERENCES auth_user (id) ON DELETE CASCADE,
    group_id INTEGER REFERENCES auth_group (id) ON DELETE CASCADE
);
success!
timestamp: 2015-09-25T08:00:54.151607
CREATE TABLE auth_permission(
    id INTEGER PRIMARY KEY AUTOINCREMENT,
    group_id INTEGER REFERENCES auth_group (id) ON DELETE CASCADE,
    name CHAR(512),
    table_name CHAR(512),
    record_id INTEGER
);
success!
timestamp: 2015-09-25T08:00:54.397886
CREATE TABLE auth_event(
    id INTEGER PRIMARY KEY AUTOINCREMENT,
    time_stamp TIMESTAMP,
    client_ip CHAR(512),
    user_id INTEGER REFERENCES auth_user (id) ON DELETE CASCADE,
    origin CHAR(512),
    description TEXT
);
success!
timestamp: 2015-09-25T08:00:54.565568
CREATE TABLE auth_cas(
    id INTEGER PRIMARY KEY AUTOINCREMENT,
    user_id INTEGER REFERENCES auth_user (id) ON DELETE CASCADE,
    created_on TIMESTAMP,
    service CHAR(512),
    ticket CHAR(512),
    renew CHAR(1)
);
success!
timestamp: 2015-09-25T08:00:54.735808
CREATE TABLE person(
    id INTEGER PRIMARY KEY AUTOINCREMENT,
    created TIMESTAMP,
    last_update TIMESTAMP,
    full_name CHAR(50),
    birth_date DATE,
    cpf CHAR(50),
    rg CHAR(50),
    email CHAR(100),
    cellphone CHAR(100),
    keypoints1 CHAR(50000),
    keypoints2 CHAR(50000),
    sex CHAR(1),
    street_number CHAR(5),
    comp_person CHAR(50),
    neigh CHAR(50),
    street CHAR(100),
    zipcode CHAR(10),
    city_person INTEGER REFERENCES city (id) ON DELETE CASCADE,
    marital_status INTEGER,
    deleted CHAR(1),
    company INTEGER REFERENCES company (id) ON DELETE CASCADE,
    last_user INTEGER REFERENCES auth_user (id) ON DELETE CASCADE
);
success!
timestamp: 2015-10-01T22:19:45.103497
CREATE TABLE country(
    id SERIAL PRIMARY KEY,
    name VARCHAR(128) UNIQUE
);
timestamp: 2015-10-01T22:20:01.386651
CREATE TABLE country(
    id SERIAL PRIMARY KEY,
    name VARCHAR(128) UNIQUE
);
faked!
timestamp: 2015-10-01T22:20:01.408424
CREATE TABLE province(
    id SERIAL PRIMARY KEY,
    name VARCHAR(128) UNIQUE,
    country INTEGER REFERENCES country (id) ON DELETE CASCADE
);
faked!
timestamp: 2015-10-01T22:20:01.415218
CREATE TABLE city(
    id SERIAL PRIMARY KEY,
    created TIMESTAMP,
    last_update TIMESTAMP,
    name VARCHAR(50),
    province INTEGER REFERENCES province (id) ON DELETE CASCADE,
    deleted CHAR(1),
    last_user INTEGER
);
faked!
timestamp: 2015-10-01T22:20:01.424633
CREATE TABLE company(
    id SERIAL PRIMARY KEY,
    created TIMESTAMP,
    last_update TIMESTAMP,
    name_cmp VARCHAR(256),
    cnpj VARCHAR(127),
    city_cmp INTEGER REFERENCES city (id) ON DELETE CASCADE,
    address_cmp VARCHAR(300),
    address_number_cmp INTEGER,
    neigh_cmp VARCHAR(50),
    comp_cmp VARCHAR(50),
    zipcode_cmp VARCHAR(10),
    actived_cmp CHAR(1),
    deleted CHAR(1),
    last_user INTEGER
);
faked!
timestamp: 2015-10-01T22:20:01.440961
CREATE TABLE auth_user(
    id SERIAL PRIMARY KEY,
    first_name VARCHAR(128),
    last_name VARCHAR(128),
    email VARCHAR(512),
    password VARCHAR(512),
    registration_key VARCHAR(512),
    reset_password_key VARCHAR(512),
    registration_id VARCHAR(512),
    created TIMESTAMP,
    last_update TIMESTAMP,
    cpf VARCHAR(50),
    rg VARCHAR(50),
    birth DATE,
    address VARCHAR(300),
    address_number INTEGER,
    comp_user VARCHAR(50),
    city_user INTEGER REFERENCES city (id) ON DELETE CASCADE,
    neigh VARCHAR(50),
    zipcode VARCHAR(10),
    actived_user CHAR(1),
    last_user INTEGER,
    company INTEGER REFERENCES company (id) ON DELETE CASCADE,
    deleted CHAR(1)
);
faked!
timestamp: 2015-10-01T22:20:01.443643
CREATE TABLE auth_group(
    id SERIAL PRIMARY KEY,
    role VARCHAR(512),
    description TEXT
);
faked!
timestamp: 2015-10-01T22:20:01.446149
CREATE TABLE auth_membership(
    id SERIAL PRIMARY KEY,
    user_id INTEGER REFERENCES auth_user (id) ON DELETE CASCADE,
    group_id INTEGER REFERENCES auth_group (id) ON DELETE CASCADE
);
faked!
timestamp: 2015-10-01T22:20:01.449052
CREATE TABLE auth_permission(
    id SERIAL PRIMARY KEY,
    group_id INTEGER REFERENCES auth_group (id) ON DELETE CASCADE,
    name VARCHAR(512),
    table_name VARCHAR(512),
    record_id INTEGER
);
faked!
timestamp: 2015-10-01T22:20:01.451866
CREATE TABLE auth_event(
    id SERIAL PRIMARY KEY,
    time_stamp TIMESTAMP,
    client_ip VARCHAR(512),
    user_id INTEGER REFERENCES auth_user (id) ON DELETE CASCADE,
    origin VARCHAR(512),
    description TEXT
);
faked!
timestamp: 2015-10-01T22:20:01.454639
CREATE TABLE auth_cas(
    id SERIAL PRIMARY KEY,
    user_id INTEGER REFERENCES auth_user (id) ON DELETE CASCADE,
    created_on TIMESTAMP,
    service VARCHAR(512),
    ticket VARCHAR(512),
    renew CHAR(1)
);
faked!
timestamp: 2015-10-01T22:20:01.462264
CREATE TABLE person(
    id SERIAL PRIMARY KEY,
    created TIMESTAMP,
    last_update TIMESTAMP,
    full_name VARCHAR(50),
    birth_date DATE,
    cpf VARCHAR(50),
    rg VARCHAR(50),
    email VARCHAR(100),
    cellphone VARCHAR(100),
    keypoints1 VARCHAR(50000),
    keypoints2 VARCHAR(50000),
    sex CHAR(1),
    street_number VARCHAR(5),
    comp_person VARCHAR(50),
    neigh VARCHAR(50),
    street VARCHAR(100),
    zipcode VARCHAR(10),
    city_person INTEGER REFERENCES city (id) ON DELETE CASCADE,
    marital_status INTEGER,
    deleted CHAR(1),
    company INTEGER REFERENCES company (id) ON DELETE CASCADE,
    last_user INTEGER REFERENCES auth_user (id) ON DELETE CASCADE
);
faked!
